2013/04/16 15:23:50 [error] [exception.CHttpException.403] exception 'CHttpException' with message 'You are not allowed to access this page.' in /home/s202139/git/includes/libs/yii-1.1.13/gii/GiiModule.php:168
Stack trace:
#0 /home/s202139/git/includes/libs/yii-1.1.13/web/CController.php(263): GiiModule->beforeControllerAction(Object(DefaultController), Object(CInlineAction))
#1 /home/s202139/git/includes/libs/yii-1.1.13/web/CWebApplication.php(282): CController->run('')
#2 /home/s202139/git/includes/libs/yii-1.1.13/web/CWebApplication.php(141): CWebApplication->runController('gii')
#3 /home/s202139/git/includes/libs/yii-1.1.13/base/CApplication.php(169): CWebApplication->processRequest()
#4 /home/s202139/git/httpdocs/admin/index.php(13): CApplication->run()
#5 {main}
REQUEST_URI=/httpdocs/admin/index.php?r=gii
---
2013/04/16 15:31:23 [error] [exception.CHttpException.404] exception 'CHttpException' with message 'Unable to resolve the request "biomaterialrelationship".' in /home/s202139/git/includes/libs/yii-1.1.13/web/CWebApplication.php:286
Stack trace:
#0 /home/s202139/git/includes/libs/yii-1.1.13/web/CWebApplication.php(141): CWebApplication->runController('biomaterialrela...')
#1 /home/s202139/git/includes/libs/yii-1.1.13/base/CApplication.php(169): CWebApplication->processRequest()
#2 /home/s202139/git/httpdocs/admin/index.php(13): CApplication->run()
#3 {main}
REQUEST_URI=/httpdocs/admin/index.php?r=biomaterialrelationship
---
2013/04/16 15:31:27 [error] [exception.CHttpException.404] exception 'CHttpException' with message 'Unable to resolve the request "biomaterial_relationship".' in /home/s202139/git/includes/libs/yii-1.1.13/web/CWebApplication.php:286
Stack trace:
#0 /home/s202139/git/includes/libs/yii-1.1.13/web/CWebApplication.php(141): CWebApplication->runController('biomaterial_rel...')
#1 /home/s202139/git/includes/libs/yii-1.1.13/base/CApplication.php(169): CWebApplication->processRequest()
#2 /home/s202139/git/httpdocs/admin/index.php(13): CApplication->run()
#3 {main}
REQUEST_URI=/httpdocs/admin/index.php?r=biomaterial_relationship
---
2013/04/16 15:38:51 [error] [php] include(Cvterm.php): failed to open stream: No such file or directory (/home/s202139/git/includes/libs/yii-1.1.13/YiiBase.php:421)
Stack trace:
#0 /home/s202139/git/includes/libs/yii-1.1.13/db/ar/CActiveRecord.php(386): spl_autoload_call()
#1 /home/s202139/git/httpdocs/admin/protected/extensions/giix-components/GxActiveRecord.php(26): model()
#2 /home/s202139/git/httpdocs/admin/protected/extensions/giix-components/GxActiveRecord.php(119): model()
#3 /home/s202139/git/httpdocs/admin/protected/extensions/giix-components/GxActiveRecord.php(165): BiomaterialRelationship->getRelationLabel()
#4 /home/s202139/git/includes/libs/yii-1.1.13/web/helpers/CHtml.php(1213): BiomaterialRelationship->getAttributeLabel()
#5 /home/s202139/git/includes/libs/yii-1.1.13/web/widgets/CActiveForm.php(547): activeLabel()
#6 /home/s202139/git/httpdocs/admin/protected/views/biomaterialrelationship/_search.php(19): GxActiveForm->label()
#7 /home/s202139/git/includes/libs/yii-1.1.13/web/CBaseController.php(126): require()
#8 /home/s202139/git/includes/libs/yii-1.1.13/web/CBaseController.php(95): BiomaterialrelationshipController->renderInternal()
#9 /home/s202139/git/includes/libs/yii-1.1.13/web/CController.php(869): BiomaterialrelationshipController->renderFile()
#10 /home/s202139/git/httpdocs/admin/protected/views/biomaterialrelationship/admin.php(37): BiomaterialrelationshipController->renderPartial()
#11 /home/s202139/git/includes/libs/yii-1.1.13/web/CBaseController.php(126): require()
#12 /home/s202139/git/includes/libs/yii-1.1.13/web/CBaseController.php(95): BiomaterialrelationshipController->renderInternal()
#13 /home/s202139/git/includes/libs/yii-1.1.13/web/CController.php(869): BiomaterialrelationshipController->renderFile()
#14 /home/s202139/git/includes/libs/yii-1.1.13/web/CController.php(782): BiomaterialrelationshipController->renderPartial()
#15 /home/s202139/git/httpdocs/admin/protected/controllers/BiomaterialrelationshipController.php(73): BiomaterialrelationshipController->render()
#16 /home/s202139/git/includes/libs/yii-1.1.13/web/actions/CInlineAction.php(49): BiomaterialrelationshipController->actionAdmin()
#17 /home/s202139/git/includes/libs/yii-1.1.13/web/CController.php(308): CInlineAction->runWithParams()
#18 /home/s202139/git/includes/libs/yii-1.1.13/web/CController.php(286): BiomaterialrelationshipController->runAction()
#19 /home/s202139/git/includes/libs/yii-1.1.13/web/CController.php(265): BiomaterialrelationshipController->runActionWithFilters()
#20 /home/s202139/git/includes/libs/yii-1.1.13/web/CWebApplication.php(282): BiomaterialrelationshipController->run()
#21 /home/s202139/git/includes/libs/yii-1.1.13/web/CWebApplication.php(141): CWebApplication->runController()
#22 /home/s202139/git/includes/libs/yii-1.1.13/base/CApplication.php(169): CWebApplication->processRequest()
#23 /home/s202139/git/httpdocs/admin/index.php(13): CWebApplication->run()
REQUEST_URI=/httpdocs/admin/index.php?r=biomaterialrelationship/admin
in /home/s202139/git/httpdocs/admin/protected/extensions/giix-components/GxActiveRecord.php (26)
in /home/s202139/git/httpdocs/admin/protected/extensions/giix-components/GxActiveRecord.php (119)
in /home/s202139/git/httpdocs/admin/protected/extensions/giix-components/GxActiveRecord.php (165)
2013/04/16 15:38:55 [error] [php] include(Cvterm.php): failed to open stream: No such file or directory (/home/s202139/git/includes/libs/yii-1.1.13/YiiBase.php:421)
Stack trace:
#0 /home/s202139/git/includes/libs/yii-1.1.13/db/ar/CActiveRecord.php(386): spl_autoload_call()
#1 /home/s202139/git/httpdocs/admin/protected/extensions/giix-components/GxActiveRecord.php(26): model()
#2 /home/s202139/git/httpdocs/admin/protected/extensions/giix-components/GxActiveRecord.php(119): model()
#3 /home/s202139/git/httpdocs/admin/protected/extensions/giix-components/GxActiveRecord.php(165): BiomaterialRelationship->getRelationLabel()
#4 /home/s202139/git/httpdocs/admin/protected/views/biomaterialrelationship/_view.php(10): BiomaterialRelationship->getAttributeLabel()
#5 /home/s202139/git/includes/libs/yii-1.1.13/web/CBaseController.php(130): require()
#6 /home/s202139/git/includes/libs/yii-1.1.13/web/CBaseController.php(95): BiomaterialrelationshipController->renderInternal()
#7 /home/s202139/git/includes/libs/yii-1.1.13/zii/widgets/CListView.php(281): BiomaterialrelationshipController->renderFile()
#8 /home/s202139/git/includes/libs/yii-1.1.13/zii/widgets/CBaseListView.php(160): CListView->renderItems()
#9 unknown(0): CListView->renderSection()
#10 /home/s202139/git/includes/libs/yii-1.1.13/zii/widgets/CBaseListView.php(143): preg_replace_callback()
#11 /home/s202139/git/includes/libs/yii-1.1.13/zii/widgets/CBaseListView.php(128): CListView->renderContent()
#12 /home/s202139/git/includes/libs/yii-1.1.13/web/CBaseController.php(173): CListView->run()
#13 /home/s202139/git/httpdocs/admin/protected/views/biomaterialrelationship/index.php(19): BiomaterialrelationshipController->widget()
#14 /home/s202139/git/includes/libs/yii-1.1.13/web/CBaseController.php(126): require()
#15 /home/s202139/git/includes/libs/yii-1.1.13/web/CBaseController.php(95): BiomaterialrelationshipController->renderInternal()
#16 /home/s202139/git/includes/libs/yii-1.1.13/web/CController.php(869): BiomaterialrelationshipController->renderFile()
#17 /home/s202139/git/includes/libs/yii-1.1.13/web/CController.php(782): BiomaterialrelationshipController->renderPartial()
#18 /home/s202139/git/httpdocs/admin/protected/controllers/BiomaterialrelationshipController.php(61): BiomaterialrelationshipController->render()
#19 /home/s202139/git/includes/libs/yii-1.1.13/web/actions/CInlineAction.php(49): BiomaterialrelationshipController->actionIndex()
#20 /home/s202139/git/includes/libs/yii-1.1.13/web/CController.php(308): CInlineAction->runWithParams()
#21 /home/s202139/git/includes/libs/yii-1.1.13/web/CController.php(286): BiomaterialrelationshipController->runAction()
#22 /home/s202139/git/includes/libs/yii-1.1.13/web/CController.php(265): BiomaterialrelationshipController->runActionWithFilters()
#23 /home/s202139/git/includes/libs/yii-1.1.13/web/CWebApplication.php(282): BiomaterialrelationshipController->run()
#24 /home/s202139/git/includes/libs/yii-1.1.13/web/CWebApplication.php(141): CWebApplication->runController()
#25 /home/s202139/git/includes/libs/yii-1.1.13/base/CApplication.php(169): CWebApplication->processRequest()
#26 /home/s202139/git/httpdocs/admin/index.php(13): CWebApplication->run()
REQUEST_URI=/httpdocs/admin/index.php?r=biomaterialrelationship
in /home/s202139/git/httpdocs/admin/protected/extensions/giix-components/GxActiveRecord.php (26)
in /home/s202139/git/httpdocs/admin/protected/extensions/giix-components/GxActiveRecord.php (119)
in /home/s202139/git/httpdocs/admin/protected/extensions/giix-components/GxActiveRecord.php (165)
2013/04/16 15:39:00 [error] [exception.CHttpException.404] exception 'CHttpException' with message 'Unable to resolve the request "biomaterialRelationship".' in /home/s202139/git/includes/libs/yii-1.1.13/web/CWebApplication.php:286
Stack trace:
#0 /home/s202139/git/includes/libs/yii-1.1.13/web/CWebApplication.php(141): CWebApplication->runController('biomaterialRela...')
#1 /home/s202139/git/includes/libs/yii-1.1.13/base/CApplication.php(169): CWebApplication->processRequest()
#2 /home/s202139/git/httpdocs/admin/index.php(13): CApplication->run()
#3 {main}
REQUEST_URI=/httpdocs/admin/index.php?r=biomaterialRelationship
---
2013/04/16 15:39:55 [error] [php] include(Organism.php): failed to open stream: No such file or directory (/home/s202139/git/includes/libs/yii-1.1.13/YiiBase.php:421)
Stack trace:
#0 /home/s202139/git/includes/libs/yii-1.1.13/db/ar/CActiveRecord.php(386): spl_autoload_call()
#1 /home/s202139/git/includes/libs/yii-1.1.13/db/ar/CActiveFinder.php(215): model()
#2 /home/s202139/git/includes/libs/yii-1.1.13/db/ar/CActiveFinder.php(48): CActiveFinder->buildJoinTree()
#3 /home/s202139/git/includes/libs/yii-1.1.13/db/ar/CActiveRecord.php(271): CActiveFinder->__construct()
#4 /home/s202139/git/includes/libs/yii-1.1.13/db/ar/CActiveRecord.php(141): Biomaterial->getRelated()
#5 /home/s202139/git/httpdocs/admin/protected/views/biomaterial/view.php(26): Biomaterial->__get()
#6 /home/s202139/git/includes/libs/yii-1.1.13/web/CBaseController.php(126): require()
#7 /home/s202139/git/includes/libs/yii-1.1.13/web/CBaseController.php(95): BiomaterialController->renderInternal()
#8 /home/s202139/git/includes/libs/yii-1.1.13/web/CController.php(869): BiomaterialController->renderFile()
#9 /home/s202139/git/includes/libs/yii-1.1.13/web/CController.php(782): BiomaterialController->renderPartial()
#10 /home/s202139/git/httpdocs/admin/protected/controllers/BiomaterialController.php(9): BiomaterialController->render()
#11 unknown(0): BiomaterialController->actionView()
#12 /home/s202139/git/includes/libs/yii-1.1.13/web/actions/CAction.php(108): ReflectionMethod->invokeArgs()
#13 /home/s202139/git/includes/libs/yii-1.1.13/web/actions/CInlineAction.php(47): CInlineAction->runWithParamsInternal()
#14 /home/s202139/git/includes/libs/yii-1.1.13/web/CController.php(308): CInlineAction->runWithParams()
#15 /home/s202139/git/includes/libs/yii-1.1.13/web/CController.php(286): BiomaterialController->runAction()
#16 /home/s202139/git/includes/libs/yii-1.1.13/web/CController.php(265): BiomaterialController->runActionWithFilters()
#17 /home/s202139/git/includes/libs/yii-1.1.13/web/CWebApplication.php(282): BiomaterialController->run()
#18 /home/s202139/git/includes/libs/yii-1.1.13/web/CWebApplication.php(141): CWebApplication->runController()
#19 /home/s202139/git/includes/libs/yii-1.1.13/base/CApplication.php(169): CWebApplication->processRequest()
#20 /home/s202139/git/httpdocs/admin/index.php(13): CWebApplication->run()
REQUEST_URI=/httpdocs/admin/index.php?r=biomaterial/view&id=1
in /home/s202139/git/httpdocs/admin/protected/views/biomaterial/view.php (26)
in /home/s202139/git/httpdocs/admin/protected/controllers/BiomaterialController.php (9)
in /home/s202139/git/httpdocs/admin/index.php (13)
2013/04/16 15:40:07 [error] [php] include(Contact.php): failed to open stream: No such file or directory (/home/s202139/git/includes/libs/yii-1.1.13/YiiBase.php:421)
Stack trace:
#0 /home/s202139/git/includes/libs/yii-1.1.13/db/ar/CActiveRecord.php(386): spl_autoload_call()
#1 /home/s202139/git/includes/libs/yii-1.1.13/db/ar/CActiveFinder.php(215): model()
#2 /home/s202139/git/includes/libs/yii-1.1.13/db/ar/CActiveFinder.php(48): CActiveFinder->buildJoinTree()
#3 /home/s202139/git/includes/libs/yii-1.1.13/db/ar/CActiveRecord.php(271): CActiveFinder->__construct()
#4 /home/s202139/git/includes/libs/yii-1.1.13/db/ar/CActiveRecord.php(141): Biomaterial->getRelated()
#5 /home/s202139/git/httpdocs/admin/protected/views/biomaterial/view.php(31): Biomaterial->__get()
#6 /home/s202139/git/includes/libs/yii-1.1.13/web/CBaseController.php(126): require()
#7 /home/s202139/git/includes/libs/yii-1.1.13/web/CBaseController.php(95): BiomaterialController->renderInternal()
#8 /home/s202139/git/includes/libs/yii-1.1.13/web/CController.php(869): BiomaterialController->renderFile()
#9 /home/s202139/git/includes/libs/yii-1.1.13/web/CController.php(782): BiomaterialController->renderPartial()
#10 /home/s202139/git/httpdocs/admin/protected/controllers/BiomaterialController.php(9): BiomaterialController->render()
#11 unknown(0): BiomaterialController->actionView()
#12 /home/s202139/git/includes/libs/yii-1.1.13/web/actions/CAction.php(108): ReflectionMethod->invokeArgs()
#13 /home/s202139/git/includes/libs/yii-1.1.13/web/actions/CInlineAction.php(47): CInlineAction->runWithParamsInternal()
#14 /home/s202139/git/includes/libs/yii-1.1.13/web/CController.php(308): CInlineAction->runWithParams()
#15 /home/s202139/git/includes/libs/yii-1.1.13/web/CController.php(286): BiomaterialController->runAction()
#16 /home/s202139/git/includes/libs/yii-1.1.13/web/CController.php(265): BiomaterialController->runActionWithFilters()
#17 /home/s202139/git/includes/libs/yii-1.1.13/web/CWebApplication.php(282): BiomaterialController->run()
#18 /home/s202139/git/includes/libs/yii-1.1.13/web/CWebApplication.php(141): CWebApplication->runController()
#19 /home/s202139/git/includes/libs/yii-1.1.13/base/CApplication.php(169): CWebApplication->processRequest()
#20 /home/s202139/git/httpdocs/admin/index.php(13): CWebApplication->run()
REQUEST_URI=/httpdocs/admin/index.php?r=biomaterial/view&id=1
in /home/s202139/git/httpdocs/admin/protected/views/biomaterial/view.php (31)
in /home/s202139/git/httpdocs/admin/protected/controllers/BiomaterialController.php (9)
in /home/s202139/git/httpdocs/admin/index.php (13)
2013/04/16 15:40:16 [error] [php] include(Dbxref.php): failed to open stream: No such file or directory (/home/s202139/git/includes/libs/yii-1.1.13/YiiBase.php:421)
Stack trace:
#0 /home/s202139/git/includes/libs/yii-1.1.13/db/ar/CActiveRecord.php(386): spl_autoload_call()
#1 /home/s202139/git/includes/libs/yii-1.1.13/db/ar/CActiveFinder.php(215): model()
#2 /home/s202139/git/includes/libs/yii-1.1.13/db/ar/CActiveFinder.php(48): CActiveFinder->buildJoinTree()
#3 /home/s202139/git/includes/libs/yii-1.1.13/db/ar/CActiveRecord.php(271): CActiveFinder->__construct()
#4 /home/s202139/git/includes/libs/yii-1.1.13/db/ar/CActiveRecord.php(141): Biomaterial->getRelated()
#5 /home/s202139/git/httpdocs/admin/protected/views/biomaterial/view.php(36): Biomaterial->__get()
#6 /home/s202139/git/includes/libs/yii-1.1.13/web/CBaseController.php(126): require()
#7 /home/s202139/git/includes/libs/yii-1.1.13/web/CBaseController.php(95): BiomaterialController->renderInternal()
#8 /home/s202139/git/includes/libs/yii-1.1.13/web/CController.php(869): BiomaterialController->renderFile()
#9 /home/s202139/git/includes/libs/yii-1.1.13/web/CController.php(782): BiomaterialController->renderPartial()
#10 /home/s202139/git/httpdocs/admin/protected/controllers/BiomaterialController.php(9): BiomaterialController->render()
#11 unknown(0): BiomaterialController->actionView()
#12 /home/s202139/git/includes/libs/yii-1.1.13/web/actions/CAction.php(108): ReflectionMethod->invokeArgs()
#13 /home/s202139/git/includes/libs/yii-1.1.13/web/actions/CInlineAction.php(47): CInlineAction->runWithParamsInternal()
#14 /home/s202139/git/includes/libs/yii-1.1.13/web/CController.php(308): CInlineAction->runWithParams()
#15 /home/s202139/git/includes/libs/yii-1.1.13/web/CController.php(286): BiomaterialController->runAction()
#16 /home/s202139/git/includes/libs/yii-1.1.13/web/CController.php(265): BiomaterialController->runActionWithFilters()
#17 /home/s202139/git/includes/libs/yii-1.1.13/web/CWebApplication.php(282): BiomaterialController->run()
#18 /home/s202139/git/includes/libs/yii-1.1.13/web/CWebApplication.php(141): CWebApplication->runController()
#19 /home/s202139/git/includes/libs/yii-1.1.13/base/CApplication.php(169): CWebApplication->processRequest()
#20 /home/s202139/git/httpdocs/admin/index.php(13): CWebApplication->run()
REQUEST_URI=/httpdocs/admin/index.php?r=biomaterial/view&id=1
in /home/s202139/git/httpdocs/admin/protected/views/biomaterial/view.php (36)
in /home/s202139/git/httpdocs/admin/protected/controllers/BiomaterialController.php (9)
in /home/s202139/git/httpdocs/admin/index.php (13)
2013/04/16 15:40:24 [error] [php] include(Biomaterialprop.php): failed to open stream: No such file or directory (/home/s202139/git/includes/libs/yii-1.1.13/YiiBase.php:421)
Stack trace:
#0 /home/s202139/git/includes/libs/yii-1.1.13/db/ar/CActiveRecord.php(386): spl_autoload_call()
#1 /home/s202139/git/httpdocs/admin/protected/extensions/giix-components/GxActiveRecord.php(26): model()
#2 /home/s202139/git/httpdocs/admin/protected/extensions/giix-components/GxActiveRecord.php(152): model()
#3 /home/s202139/git/httpdocs/admin/protected/views/biomaterial/view.php(43): Biomaterial->getRelationLabel()
#4 /home/s202139/git/includes/libs/yii-1.1.13/web/CBaseController.php(126): require()
#5 /home/s202139/git/includes/libs/yii-1.1.13/web/CBaseController.php(95): BiomaterialController->renderInternal()
#6 /home/s202139/git/includes/libs/yii-1.1.13/web/CController.php(869): BiomaterialController->renderFile()
#7 /home/s202139/git/includes/libs/yii-1.1.13/web/CController.php(782): BiomaterialController->renderPartial()
#8 /home/s202139/git/httpdocs/admin/protected/controllers/BiomaterialController.php(9): BiomaterialController->render()
#9 unknown(0): BiomaterialController->actionView()
#10 /home/s202139/git/includes/libs/yii-1.1.13/web/actions/CAction.php(108): ReflectionMethod->invokeArgs()
#11 /home/s202139/git/includes/libs/yii-1.1.13/web/actions/CInlineAction.php(47): CInlineAction->runWithParamsInternal()
#12 /home/s202139/git/includes/libs/yii-1.1.13/web/CController.php(308): CInlineAction->runWithParams()
#13 /home/s202139/git/includes/libs/yii-1.1.13/web/CController.php(286): BiomaterialController->runAction()
#14 /home/s202139/git/includes/libs/yii-1.1.13/web/CController.php(265): BiomaterialController->runActionWithFilters()
#15 /home/s202139/git/includes/libs/yii-1.1.13/web/CWebApplication.php(282): BiomaterialController->run()
#16 /home/s202139/git/includes/libs/yii-1.1.13/web/CWebApplication.php(141): CWebApplication->runController()
#17 /home/s202139/git/includes/libs/yii-1.1.13/base/CApplication.php(169): CWebApplication->processRequest()
#18 /home/s202139/git/httpdocs/admin/index.php(13): CWebApplication->run()
REQUEST_URI=/httpdocs/admin/index.php?r=biomaterial/view&id=1
in /home/s202139/git/httpdocs/admin/protected/extensions/giix-components/GxActiveRecord.php (26)
in /home/s202139/git/httpdocs/admin/protected/extensions/giix-components/GxActiveRecord.php (152)
in /home/s202139/git/httpdocs/admin/protected/views/biomaterial/view.php (43)
2013/04/16 15:40:34 [error] [php] include(Treatment.php): failed to open stream: No such file or directory (/home/s202139/git/includes/libs/yii-1.1.13/YiiBase.php:421)
Stack trace:
#0 /home/s202139/git/includes/libs/yii-1.1.13/db/ar/CActiveRecord.php(386): spl_autoload_call()
#1 /home/s202139/git/httpdocs/admin/protected/extensions/giix-components/GxActiveRecord.php(26): model()
#2 /home/s202139/git/httpdocs/admin/protected/extensions/giix-components/GxActiveRecord.php(152): model()
#3 /home/s202139/git/httpdocs/admin/protected/views/biomaterial/view.php(52): Biomaterial->getRelationLabel()
#4 /home/s202139/git/includes/libs/yii-1.1.13/web/CBaseController.php(126): require()
#5 /home/s202139/git/includes/libs/yii-1.1.13/web/CBaseController.php(95): BiomaterialController->renderInternal()
#6 /home/s202139/git/includes/libs/yii-1.1.13/web/CController.php(869): BiomaterialController->renderFile()
#7 /home/s202139/git/includes/libs/yii-1.1.13/web/CController.php(782): BiomaterialController->renderPartial()
#8 /home/s202139/git/httpdocs/admin/protected/controllers/BiomaterialController.php(9): BiomaterialController->render()
#9 unknown(0): BiomaterialController->actionView()
#10 /home/s202139/git/includes/libs/yii-1.1.13/web/actions/CAction.php(108): ReflectionMethod->invokeArgs()
#11 /home/s202139/git/includes/libs/yii-1.1.13/web/actions/CInlineAction.php(47): CInlineAction->runWithParamsInternal()
#12 /home/s202139/git/includes/libs/yii-1.1.13/web/CController.php(308): CInlineAction->runWithParams()
#13 /home/s202139/git/includes/libs/yii-1.1.13/web/CController.php(286): BiomaterialController->runAction()
#14 /home/s202139/git/includes/libs/yii-1.1.13/web/CController.php(265): BiomaterialController->runActionWithFilters()
#15 /home/s202139/git/includes/libs/yii-1.1.13/web/CWebApplication.php(282): BiomaterialController->run()
#16 /home/s202139/git/includes/libs/yii-1.1.13/web/CWebApplication.php(141): CWebApplication->runController()
#17 /home/s202139/git/includes/libs/yii-1.1.13/base/CApplication.php(169): CWebApplication->processRequest()
#18 /home/s202139/git/httpdocs/admin/index.php(13): CWebApplication->run()
REQUEST_URI=/httpdocs/admin/index.php?r=biomaterial/view&id=1
in /home/s202139/git/httpdocs/admin/protected/extensions/giix-components/GxActiveRecord.php (26)
in /home/s202139/git/httpdocs/admin/protected/extensions/giix-components/GxActiveRecord.php (152)
in /home/s202139/git/httpdocs/admin/protected/views/biomaterial/view.php (52)
2013/04/16 15:40:49 [error] [php] include(Quantificationresult.php): failed to open stream: No such file or directory (/home/s202139/git/includes/libs/yii-1.1.13/YiiBase.php:421)
Stack trace:
#0 /home/s202139/git/includes/libs/yii-1.1.13/db/ar/CActiveRecord.php(386): spl_autoload_call()
#1 /home/s202139/git/httpdocs/admin/protected/extensions/giix-components/GxActiveRecord.php(26): model()
#2 /home/s202139/git/httpdocs/admin/protected/extensions/giix-components/GxActiveRecord.php(152): model()
#3 /home/s202139/git/httpdocs/admin/protected/views/biomaterial/view.php(61): Biomaterial->getRelationLabel()
#4 /home/s202139/git/includes/libs/yii-1.1.13/web/CBaseController.php(126): require()
#5 /home/s202139/git/includes/libs/yii-1.1.13/web/CBaseController.php(95): BiomaterialController->renderInternal()
#6 /home/s202139/git/includes/libs/yii-1.1.13/web/CController.php(869): BiomaterialController->renderFile()
#7 /home/s202139/git/includes/libs/yii-1.1.13/web/CController.php(782): BiomaterialController->renderPartial()
#8 /home/s202139/git/httpdocs/admin/protected/controllers/BiomaterialController.php(9): BiomaterialController->render()
#9 unknown(0): BiomaterialController->actionView()
#10 /home/s202139/git/includes/libs/yii-1.1.13/web/actions/CAction.php(108): ReflectionMethod->invokeArgs()
#11 /home/s202139/git/includes/libs/yii-1.1.13/web/actions/CInlineAction.php(47): CInlineAction->runWithParamsInternal()
#12 /home/s202139/git/includes/libs/yii-1.1.13/web/CController.php(308): CInlineAction->runWithParams()
#13 /home/s202139/git/includes/libs/yii-1.1.13/web/CController.php(286): BiomaterialController->runAction()
#14 /home/s202139/git/includes/libs/yii-1.1.13/web/CController.php(265): BiomaterialController->runActionWithFilters()
#15 /home/s202139/git/includes/libs/yii-1.1.13/web/CWebApplication.php(282): BiomaterialController->run()
#16 /home/s202139/git/includes/libs/yii-1.1.13/web/CWebApplication.php(141): CWebApplication->runController()
#17 /home/s202139/git/includes/libs/yii-1.1.13/base/CApplication.php(169): CWebApplication->processRequest()
#18 /home/s202139/git/httpdocs/admin/index.php(13): CWebApplication->run()
REQUEST_URI=/httpdocs/admin/index.php?r=biomaterial/view&id=1
in /home/s202139/git/httpdocs/admin/protected/extensions/giix-components/GxActiveRecord.php (26)
in /home/s202139/git/httpdocs/admin/protected/extensions/giix-components/GxActiveRecord.php (152)
in /home/s202139/git/httpdocs/admin/protected/views/biomaterial/view.php (61)
2013/04/16 15:41:05 [error] [php] include(BiomaterialTreatment.php): failed to open stream: No such file or directory (/home/s202139/git/includes/libs/yii-1.1.13/YiiBase.php:421)
Stack trace:
#0 /home/s202139/git/includes/libs/yii-1.1.13/db/ar/CActiveRecord.php(386): spl_autoload_call()
#1 /home/s202139/git/httpdocs/admin/protected/extensions/giix-components/GxActiveRecord.php(26): model()
#2 /home/s202139/git/httpdocs/admin/protected/extensions/giix-components/GxActiveRecord.php(152): model()
#3 /home/s202139/git/httpdocs/admin/protected/views/biomaterial/view.php(70): Biomaterial->getRelationLabel()
#4 /home/s202139/git/includes/libs/yii-1.1.13/web/CBaseController.php(126): require()
#5 /home/s202139/git/includes/libs/yii-1.1.13/web/CBaseController.php(95): BiomaterialController->renderInternal()
#6 /home/s202139/git/includes/libs/yii-1.1.13/web/CController.php(869): BiomaterialController->renderFile()
#7 /home/s202139/git/includes/libs/yii-1.1.13/web/CController.php(782): BiomaterialController->renderPartial()
#8 /home/s202139/git/httpdocs/admin/protected/controllers/BiomaterialController.php(9): BiomaterialController->render()
#9 unknown(0): BiomaterialController->actionView()
#10 /home/s202139/git/includes/libs/yii-1.1.13/web/actions/CAction.php(108): ReflectionMethod->invokeArgs()
#11 /home/s202139/git/includes/libs/yii-1.1.13/web/actions/CInlineAction.php(47): CInlineAction->runWithParamsInternal()
#12 /home/s202139/git/includes/libs/yii-1.1.13/web/CController.php(308): CInlineAction->runWithParams()
#13 /home/s202139/git/includes/libs/yii-1.1.13/web/CController.php(286): BiomaterialController->runAction()
#14 /home/s202139/git/includes/libs/yii-1.1.13/web/CController.php(265): BiomaterialController->runActionWithFilters()
#15 /home/s202139/git/includes/libs/yii-1.1.13/web/CWebApplication.php(282): BiomaterialController->run()
#16 /home/s202139/git/includes/libs/yii-1.1.13/web/CWebApplication.php(141): CWebApplication->runController()
#17 /home/s202139/git/includes/libs/yii-1.1.13/base/CApplication.php(169): CWebApplication->processRequest()
#18 /home/s202139/git/httpdocs/admin/index.php(13): CWebApplication->run()
REQUEST_URI=/httpdocs/admin/index.php?r=biomaterial/view&id=1
in /home/s202139/git/httpdocs/admin/protected/extensions/giix-components/GxActiveRecord.php (26)
in /home/s202139/git/httpdocs/admin/protected/extensions/giix-components/GxActiveRecord.php (152)
in /home/s202139/git/httpdocs/admin/protected/views/biomaterial/view.php (70)
2013/04/16 15:41:19 [error] [php] include(BiomaterialDbxref.php): failed to open stream: No such file or directory (/home/s202139/git/includes/libs/yii-1.1.13/YiiBase.php:421)
Stack trace:
#0 /home/s202139/git/includes/libs/yii-1.1.13/db/ar/CActiveRecord.php(386): spl_autoload_call()
#1 /home/s202139/git/httpdocs/admin/protected/extensions/giix-components/GxActiveRecord.php(26): model()
#2 /home/s202139/git/httpdocs/admin/protected/extensions/giix-components/GxActiveRecord.php(152): model()
#3 /home/s202139/git/httpdocs/admin/protected/views/biomaterial/view.php(97): Biomaterial->getRelationLabel()
#4 /home/s202139/git/includes/libs/yii-1.1.13/web/CBaseController.php(126): require()
#5 /home/s202139/git/includes/libs/yii-1.1.13/web/CBaseController.php(95): BiomaterialController->renderInternal()
#6 /home/s202139/git/includes/libs/yii-1.1.13/web/CController.php(869): BiomaterialController->renderFile()
#7 /home/s202139/git/includes/libs/yii-1.1.13/web/CController.php(782): BiomaterialController->renderPartial()
#8 /home/s202139/git/httpdocs/admin/protected/controllers/BiomaterialController.php(9): BiomaterialController->render()
#9 unknown(0): BiomaterialController->actionView()
#10 /home/s202139/git/includes/libs/yii-1.1.13/web/actions/CAction.php(108): ReflectionMethod->invokeArgs()
#11 /home/s202139/git/includes/libs/yii-1.1.13/web/actions/CInlineAction.php(47): CInlineAction->runWithParamsInternal()
#12 /home/s202139/git/includes/libs/yii-1.1.13/web/CController.php(308): CInlineAction->runWithParams()
#13 /home/s202139/git/includes/libs/yii-1.1.13/web/CController.php(286): BiomaterialController->runAction()
#14 /home/s202139/git/includes/libs/yii-1.1.13/web/CController.php(265): BiomaterialController->runActionWithFilters()
#15 /home/s202139/git/includes/libs/yii-1.1.13/web/CWebApplication.php(282): BiomaterialController->run()
#16 /home/s202139/git/includes/libs/yii-1.1.13/web/CWebApplication.php(141): CWebApplication->runController()
#17 /home/s202139/git/includes/libs/yii-1.1.13/base/CApplication.php(169): CWebApplication->processRequest()
#18 /home/s202139/git/httpdocs/admin/index.php(13): CWebApplication->run()
REQUEST_URI=/httpdocs/admin/index.php?r=biomaterial/view&id=1
in /home/s202139/git/httpdocs/admin/protected/extensions/giix-components/GxActiveRecord.php (26)
in /home/s202139/git/httpdocs/admin/protected/extensions/giix-components/GxActiveRecord.php (152)
in /home/s202139/git/httpdocs/admin/protected/views/biomaterial/view.php (97)
2013/04/16 15:41:34 [error] [php] include(AssayBiomaterial.php): failed to open stream: No such file or directory (/home/s202139/git/includes/libs/yii-1.1.13/YiiBase.php:421)
Stack trace:
#0 /home/s202139/git/includes/libs/yii-1.1.13/db/ar/CActiveRecord.php(386): spl_autoload_call()
#1 /home/s202139/git/httpdocs/admin/protected/extensions/giix-components/GxActiveRecord.php(26): model()
#2 /home/s202139/git/httpdocs/admin/protected/extensions/giix-components/GxActiveRecord.php(152): model()
#3 /home/s202139/git/httpdocs/admin/protected/views/biomaterial/view.php(106): Biomaterial->getRelationLabel()
#4 /home/s202139/git/includes/libs/yii-1.1.13/web/CBaseController.php(126): require()
#5 /home/s202139/git/includes/libs/yii-1.1.13/web/CBaseController.php(95): BiomaterialController->renderInternal()
#6 /home/s202139/git/includes/libs/yii-1.1.13/web/CController.php(869): BiomaterialController->renderFile()
#7 /home/s202139/git/includes/libs/yii-1.1.13/web/CController.php(782): BiomaterialController->renderPartial()
#8 /home/s202139/git/httpdocs/admin/protected/controllers/BiomaterialController.php(9): BiomaterialController->render()
#9 unknown(0): BiomaterialController->actionView()
#10 /home/s202139/git/includes/libs/yii-1.1.13/web/actions/CAction.php(108): ReflectionMethod->invokeArgs()
#11 /home/s202139/git/includes/libs/yii-1.1.13/web/actions/CInlineAction.php(47): CInlineAction->runWithParamsInternal()
#12 /home/s202139/git/includes/libs/yii-1.1.13/web/CController.php(308): CInlineAction->runWithParams()
#13 /home/s202139/git/includes/libs/yii-1.1.13/web/CController.php(286): BiomaterialController->runAction()
#14 /home/s202139/git/includes/libs/yii-1.1.13/web/CController.php(265): BiomaterialController->runActionWithFilters()
#15 /home/s202139/git/includes/libs/yii-1.1.13/web/CWebApplication.php(282): BiomaterialController->run()
#16 /home/s202139/git/includes/libs/yii-1.1.13/web/CWebApplication.php(141): CWebApplication->runController()
#17 /home/s202139/git/includes/libs/yii-1.1.13/base/CApplication.php(169): CWebApplication->processRequest()
#18 /home/s202139/git/httpdocs/admin/index.php(13): CWebApplication->run()
REQUEST_URI=/httpdocs/admin/index.php?r=biomaterial/view&id=1
in /home/s202139/git/httpdocs/admin/protected/extensions/giix-components/GxActiveRecord.php (26)
in /home/s202139/git/httpdocs/admin/protected/extensions/giix-components/GxActiveRecord.php (152)
in /home/s202139/git/httpdocs/admin/protected/views/biomaterial/view.php (106)
2013/04/16 15:45:45 [error] [exception.CException] exception 'CException' with message 'Property "Biomaterial.biosourceprovider" is not defined.' in /home/s202139/git/includes/libs/yii-1.1.13/base/CComponent.php:130
Stack trace:
#0 /home/s202139/git/includes/libs/yii-1.1.13/db/ar/CActiveRecord.php(143): CComponent->__get('biosourceprovid...')
#1 /home/s202139/git/httpdocs/admin/protected/views/biomaterial/_view.php(11): CActiveRecord->__get('biosourceprovid...')
#2 /home/s202139/git/includes/libs/yii-1.1.13/web/CBaseController.php(130): require('/home/s202139/g...')
#3 /home/s202139/git/includes/libs/yii-1.1.13/web/CBaseController.php(95): CBaseController->renderInternal('/home/s202139/g...', Array, false)
#4 /home/s202139/git/includes/libs/yii-1.1.13/zii/widgets/CListView.php(281): CBaseController->renderFile('/home/s202139/g...', Array)
#5 /home/s202139/git/includes/libs/yii-1.1.13/zii/widgets/CBaseListView.php(160): CListView->renderItems()
#6 [internal function]: CBaseListView->renderSection(Array)
#7 /home/s202139/git/includes/libs/yii-1.1.13/zii/widgets/CBaseListView.php(143): preg_replace_callback('/{(\w+)}/', Array, '{summary}?{sort...')
#8 /home/s202139/git/includes/libs/yii-1.1.13/zii/widgets/CBaseListView.php(128): CBaseListView->renderContent()
#9 /home/s202139/git/includes/libs/yii-1.1.13/web/CBaseController.php(173): CBaseListView->run()
#10 /home/s202139/git/httpdocs/admin/protected/views/biomaterial/index.php(19): CBaseController->widget('zii.widgets.CLi...', Array)
#11 /home/s202139/git/includes/libs/yii-1.1.13/web/CBaseController.php(126): require('/home/s202139/g...')
#12 /home/s202139/git/includes/libs/yii-1.1.13/web/CBaseController.php(95): CBaseController->renderInternal('/home/s202139/g...', Array, true)
#13 /home/s202139/git/includes/libs/yii-1.1.13/web/CController.php(869): CBaseController->renderFile('/home/s202139/g...', Array, true)
#14 /home/s202139/git/includes/libs/yii-1.1.13/web/CController.php(782): CController->renderPartial('index', Array, true)
#15 /home/s202139/git/httpdocs/admin/protected/controllers/BiomaterialController.php(61): CController->render('index', Array)
#16 /home/s202139/git/includes/libs/yii-1.1.13/web/actions/CInlineAction.php(49): BiomaterialController->actionIndex()
#17 /home/s202139/git/includes/libs/yii-1.1.13/web/CController.php(308): CInlineAction->runWithParams(Array)
#18 /home/s202139/git/includes/libs/yii-1.1.13/web/CController.php(286): CController->runAction(Object(CInlineAction))
#19 /home/s202139/git/includes/libs/yii-1.1.13/web/CController.php(265): CController->runActionWithFilters(Object(CInlineAction), Array)
#20 /home/s202139/git/includes/libs/yii-1.1.13/web/CWebApplication.php(282): CController->run('')
#21 /home/s202139/git/includes/libs/yii-1.1.13/web/CWebApplication.php(141): CWebApplication->runController('biomaterial')
#22 /home/s202139/git/includes/libs/yii-1.1.13/base/CApplication.php(169): CWebApplication->processRequest()
#23 /home/s202139/git/httpdocs/admin/index.php(13): CApplication->run()
#24 {main}
REQUEST_URI=/httpdocs/admin/index.php?r=biomaterial
---
2013/04/16 15:46:30 [error] [exception.CException] exception 'CException' with message 'Property "Biomaterial.biosourceprovider" is not defined.' in /home/s202139/git/includes/libs/yii-1.1.13/base/CComponent.php:130
Stack trace:
#0 /home/s202139/git/includes/libs/yii-1.1.13/db/ar/CActiveRecord.php(143): CComponent->__get('biosourceprovid...')
#1 /home/s202139/git/httpdocs/admin/protected/views/biomaterial/_view.php(11): CActiveRecord->__get('biosourceprovid...')
#2 /home/s202139/git/includes/libs/yii-1.1.13/web/CBaseController.php(130): require('/home/s202139/g...')
#3 /home/s202139/git/includes/libs/yii-1.1.13/web/CBaseController.php(95): CBaseController->renderInternal('/home/s202139/g...', Array, false)
#4 /home/s202139/git/includes/libs/yii-1.1.13/zii/widgets/CListView.php(281): CBaseController->renderFile('/home/s202139/g...', Array)
#5 /home/s202139/git/includes/libs/yii-1.1.13/zii/widgets/CBaseListView.php(160): CListView->renderItems()
#6 [internal function]: CBaseListView->renderSection(Array)
#7 /home/s202139/git/includes/libs/yii-1.1.13/zii/widgets/CBaseListView.php(143): preg_replace_callback('/{(\w+)}/', Array, '{summary}?{sort...')
#8 /home/s202139/git/includes/libs/yii-1.1.13/zii/widgets/CBaseListView.php(128): CBaseListView->renderContent()
#9 /home/s202139/git/includes/libs/yii-1.1.13/web/CBaseController.php(173): CBaseListView->run()
#10 /home/s202139/git/httpdocs/admin/protected/views/biomaterial/index.php(19): CBaseController->widget('zii.widgets.CLi...', Array)
#11 /home/s202139/git/includes/libs/yii-1.1.13/web/CBaseController.php(126): require('/home/s202139/g...')
#12 /home/s202139/git/includes/libs/yii-1.1.13/web/CBaseController.php(95): CBaseController->renderInternal('/home/s202139/g...', Array, true)
#13 /home/s202139/git/includes/libs/yii-1.1.13/web/CController.php(869): CBaseController->renderFile('/home/s202139/g...', Array, true)
#14 /home/s202139/git/includes/libs/yii-1.1.13/web/CController.php(782): CController->renderPartial('index', Array, true)
#15 /home/s202139/git/httpdocs/admin/protected/controllers/BiomaterialController.php(61): CController->render('index', Array)
#16 /home/s202139/git/includes/libs/yii-1.1.13/web/actions/CInlineAction.php(49): BiomaterialController->actionIndex()
#17 /home/s202139/git/includes/libs/yii-1.1.13/web/CController.php(308): CInlineAction->runWithParams(Array)
#18 /home/s202139/git/includes/libs/yii-1.1.13/web/CController.php(286): CController->runAction(Object(CInlineAction))
#19 /home/s202139/git/includes/libs/yii-1.1.13/web/CController.php(265): CController->runActionWithFilters(Object(CInlineAction), Array)
#20 /home/s202139/git/includes/libs/yii-1.1.13/web/CWebApplication.php(282): CController->run('')
#21 /home/s202139/git/includes/libs/yii-1.1.13/web/CWebApplication.php(141): CWebApplication->runController('biomaterial')
#22 /home/s202139/git/includes/libs/yii-1.1.13/base/CApplication.php(169): CWebApplication->processRequest()
#23 /home/s202139/git/httpdocs/admin/index.php(13): CApplication->run()
#24 {main}
REQUEST_URI=/httpdocs/admin/index.php?r=biomaterial
---
2013/04/16 15:46:35 [error] [exception.CException] exception 'CException' with message 'Property "Biomaterial.biosourceprovider" is not defined.' in /home/s202139/git/includes/libs/yii-1.1.13/base/CComponent.php:130
Stack trace:
#0 /home/s202139/git/includes/libs/yii-1.1.13/db/ar/CActiveRecord.php(143): CComponent->__get('biosourceprovid...')
#1 /home/s202139/git/httpdocs/admin/protected/views/biomaterial/_view.php(11): CActiveRecord->__get('biosourceprovid...')
#2 /home/s202139/git/includes/libs/yii-1.1.13/web/CBaseController.php(130): require('/home/s202139/g...')
#3 /home/s202139/git/includes/libs/yii-1.1.13/web/CBaseController.php(95): CBaseController->renderInternal('/home/s202139/g...', Array, false)
#4 /home/s202139/git/includes/libs/yii-1.1.13/zii/widgets/CListView.php(281): CBaseController->renderFile('/home/s202139/g...', Array)
#5 /home/s202139/git/includes/libs/yii-1.1.13/zii/widgets/CBaseListView.php(160): CListView->renderItems()
#6 [internal function]: CBaseListView->renderSection(Array)
#7 /home/s202139/git/includes/libs/yii-1.1.13/zii/widgets/CBaseListView.php(143): preg_replace_callback('/{(\w+)}/', Array, '{summary}?{sort...')
#8 /home/s202139/git/includes/libs/yii-1.1.13/zii/widgets/CBaseListView.php(128): CBaseListView->renderContent()
#9 /home/s202139/git/includes/libs/yii-1.1.13/web/CBaseController.php(173): CBaseListView->run()
#10 /home/s202139/git/httpdocs/admin/protected/views/biomaterial/index.php(19): CBaseController->widget('zii.widgets.CLi...', Array)
#11 /home/s202139/git/includes/libs/yii-1.1.13/web/CBaseController.php(126): require('/home/s202139/g...')
#12 /home/s202139/git/includes/libs/yii-1.1.13/web/CBaseController.php(95): CBaseController->renderInternal('/home/s202139/g...', Array, true)
#13 /home/s202139/git/includes/libs/yii-1.1.13/web/CController.php(869): CBaseController->renderFile('/home/s202139/g...', Array, true)
#14 /home/s202139/git/includes/libs/yii-1.1.13/web/CController.php(782): CController->renderPartial('index', Array, true)
#15 /home/s202139/git/httpdocs/admin/protected/controllers/BiomaterialController.php(61): CController->render('index', Array)
#16 /home/s202139/git/includes/libs/yii-1.1.13/web/actions/CInlineAction.php(49): BiomaterialController->actionIndex()
#17 /home/s202139/git/includes/libs/yii-1.1.13/web/CController.php(308): CInlineAction->runWithParams(Array)
#18 /home/s202139/git/includes/libs/yii-1.1.13/web/CController.php(286): CController->runAction(Object(CInlineAction))
#19 /home/s202139/git/includes/libs/yii-1.1.13/web/CController.php(265): CController->runActionWithFilters(Object(CInlineAction), Array)
#20 /home/s202139/git/includes/libs/yii-1.1.13/web/CWebApplication.php(282): CController->run('')
#21 /home/s202139/git/includes/libs/yii-1.1.13/web/CWebApplication.php(141): CWebApplication->runController('biomaterial')
#22 /home/s202139/git/includes/libs/yii-1.1.13/base/CApplication.php(169): CWebApplication->processRequest()
#23 /home/s202139/git/httpdocs/admin/index.php(13): CApplication->run()
#24 {main}
REQUEST_URI=/httpdocs/admin/index.php?r=biomaterial
---
2013/04/16 15:46:49 [error] [exception.CException] exception 'CException' with message 'Property "Biomaterial.biosourceprovider" is not defined.' in /home/s202139/git/includes/libs/yii-1.1.13/base/CComponent.php:130
Stack trace:
#0 /home/s202139/git/includes/libs/yii-1.1.13/db/ar/CActiveRecord.php(143): CComponent->__get('biosourceprovid...')
#1 /home/s202139/git/httpdocs/admin/protected/views/biomaterial/_view.php(11): CActiveRecord->__get('biosourceprovid...')
#2 /home/s202139/git/includes/libs/yii-1.1.13/web/CBaseController.php(130): require('/home/s202139/g...')
#3 /home/s202139/git/includes/libs/yii-1.1.13/web/CBaseController.php(95): CBaseController->renderInternal('/home/s202139/g...', Array, false)
#4 /home/s202139/git/includes/libs/yii-1.1.13/zii/widgets/CListView.php(281): CBaseController->renderFile('/home/s202139/g...', Array)
#5 /home/s202139/git/includes/libs/yii-1.1.13/zii/widgets/CBaseListView.php(160): CListView->renderItems()
#6 [internal function]: CBaseListView->renderSection(Array)
#7 /home/s202139/git/includes/libs/yii-1.1.13/zii/widgets/CBaseListView.php(143): preg_replace_callback('/{(\w+)}/', Array, '{summary}?{sort...')
#8 /home/s202139/git/includes/libs/yii-1.1.13/zii/widgets/CBaseListView.php(128): CBaseListView->renderContent()
#9 /home/s202139/git/includes/libs/yii-1.1.13/web/CBaseController.php(173): CBaseListView->run()
#10 /home/s202139/git/httpdocs/admin/protected/views/biomaterial/index.php(19): CBaseController->widget('zii.widgets.CLi...', Array)
#11 /home/s202139/git/includes/libs/yii-1.1.13/web/CBaseController.php(126): require('/home/s202139/g...')
#12 /home/s202139/git/includes/libs/yii-1.1.13/web/CBaseController.php(95): CBaseController->renderInternal('/home/s202139/g...', Array, true)
#13 /home/s202139/git/includes/libs/yii-1.1.13/web/CController.php(869): CBaseController->renderFile('/home/s202139/g...', Array, true)
#14 /home/s202139/git/includes/libs/yii-1.1.13/web/CController.php(782): CController->renderPartial('index', Array, true)
#15 /home/s202139/git/httpdocs/admin/protected/controllers/BiomaterialController.php(61): CController->render('index', Array)
#16 /home/s202139/git/includes/libs/yii-1.1.13/web/actions/CInlineAction.php(49): BiomaterialController->actionIndex()
#17 /home/s202139/git/includes/libs/yii-1.1.13/web/CController.php(308): CInlineAction->runWithParams(Array)
#18 /home/s202139/git/includes/libs/yii-1.1.13/web/CController.php(286): CController->runAction(Object(CInlineAction))
#19 /home/s202139/git/includes/libs/yii-1.1.13/web/CController.php(265): CController->runActionWithFilters(Object(CInlineAction), Array)
#20 /home/s202139/git/includes/libs/yii-1.1.13/web/CWebApplication.php(282): CController->run('')
#21 /home/s202139/git/includes/libs/yii-1.1.13/web/CWebApplication.php(141): CWebApplication->runController('biomaterial')
#22 /home/s202139/git/includes/libs/yii-1.1.13/base/CApplication.php(169): CWebApplication->processRequest()
#23 /home/s202139/git/httpdocs/admin/index.php(13): CApplication->run()
#24 {main}
REQUEST_URI=/httpdocs/admin/index.php?r=biomaterial
---
2013/04/16 15:47:13 [error] [exception.CException] exception 'CException' with message 'Property "Biomaterial.biosourceprovider" is not defined.' in /home/s202139/git/includes/libs/yii-1.1.13/base/CComponent.php:130
Stack trace:
#0 /home/s202139/git/includes/libs/yii-1.1.13/db/ar/CActiveRecord.php(143): CComponent->__get('biosourceprovid...')
#1 /home/s202139/git/httpdocs/admin/protected/views/biomaterial/_view.php(11): CActiveRecord->__get('biosourceprovid...')
#2 /home/s202139/git/includes/libs/yii-1.1.13/web/CBaseController.php(130): require('/home/s202139/g...')
#3 /home/s202139/git/includes/libs/yii-1.1.13/web/CBaseController.php(95): CBaseController->renderInternal('/home/s202139/g...', Array, false)
#4 /home/s202139/git/includes/libs/yii-1.1.13/zii/widgets/CListView.php(281): CBaseController->renderFile('/home/s202139/g...', Array)
#5 /home/s202139/git/includes/libs/yii-1.1.13/zii/widgets/CBaseListView.php(160): CListView->renderItems()
#6 [internal function]: CBaseListView->renderSection(Array)
#7 /home/s202139/git/includes/libs/yii-1.1.13/zii/widgets/CBaseListView.php(143): preg_replace_callback('/{(\w+)}/', Array, '{summary}?{sort...')
#8 /home/s202139/git/includes/libs/yii-1.1.13/zii/widgets/CBaseListView.php(128): CBaseListView->renderContent()
#9 /home/s202139/git/includes/libs/yii-1.1.13/web/CBaseController.php(173): CBaseListView->run()
#10 /home/s202139/git/httpdocs/admin/protected/views/biomaterial/index.php(19): CBaseController->widget('zii.widgets.CLi...', Array)
#11 /home/s202139/git/includes/libs/yii-1.1.13/web/CBaseController.php(126): require('/home/s202139/g...')
#12 /home/s202139/git/includes/libs/yii-1.1.13/web/CBaseController.php(95): CBaseController->renderInternal('/home/s202139/g...', Array, true)
#13 /home/s202139/git/includes/libs/yii-1.1.13/web/CController.php(869): CBaseController->renderFile('/home/s202139/g...', Array, true)
#14 /home/s202139/git/includes/libs/yii-1.1.13/web/CController.php(782): CController->renderPartial('index', Array, true)
#15 /home/s202139/git/httpdocs/admin/protected/controllers/BiomaterialController.php(61): CController->render('index', Array)
#16 /home/s202139/git/includes/libs/yii-1.1.13/web/actions/CInlineAction.php(49): BiomaterialController->actionIndex()
#17 /home/s202139/git/includes/libs/yii-1.1.13/web/CController.php(308): CInlineAction->runWithParams(Array)
#18 /home/s202139/git/includes/libs/yii-1.1.13/web/CController.php(286): CController->runAction(Object(CInlineAction))
#19 /home/s202139/git/includes/libs/yii-1.1.13/web/CController.php(265): CController->runActionWithFilters(Object(CInlineAction), Array)
#20 /home/s202139/git/includes/libs/yii-1.1.13/web/CWebApplication.php(282): CController->run('')
#21 /home/s202139/git/includes/libs/yii-1.1.13/web/CWebApplication.php(141): CWebApplication->runController('biomaterial')
#22 /home/s202139/git/includes/libs/yii-1.1.13/base/CApplication.php(169): CWebApplication->processRequest()
#23 /home/s202139/git/httpdocs/admin/index.php(13): CApplication->run()
#24 {main}
REQUEST_URI=/httpdocs/admin/index.php?r=biomaterial
---
2013/04/16 15:47:18 [error] [exception.CException] exception 'CException' with message 'Property "Biomaterial.biosourceprovider" is not defined.' in /home/s202139/git/includes/libs/yii-1.1.13/base/CComponent.php:130
Stack trace:
#0 /home/s202139/git/includes/libs/yii-1.1.13/db/ar/CActiveRecord.php(143): CComponent->__get('biosourceprovid...')
#1 /home/s202139/git/httpdocs/admin/protected/views/biomaterial/_view.php(11): CActiveRecord->__get('biosourceprovid...')
#2 /home/s202139/git/includes/libs/yii-1.1.13/web/CBaseController.php(130): require('/home/s202139/g...')
#3 /home/s202139/git/includes/libs/yii-1.1.13/web/CBaseController.php(95): CBaseController->renderInternal('/home/s202139/g...', Array, false)
#4 /home/s202139/git/includes/libs/yii-1.1.13/zii/widgets/CListView.php(281): CBaseController->renderFile('/home/s202139/g...', Array)
#5 /home/s202139/git/includes/libs/yii-1.1.13/zii/widgets/CBaseListView.php(160): CListView->renderItems()
#6 [internal function]: CBaseListView->renderSection(Array)
#7 /home/s202139/git/includes/libs/yii-1.1.13/zii/widgets/CBaseListView.php(143): preg_replace_callback('/{(\w+)}/', Array, '{summary}?{sort...')
#8 /home/s202139/git/includes/libs/yii-1.1.13/zii/widgets/CBaseListView.php(128): CBaseListView->renderContent()
#9 /home/s202139/git/includes/libs/yii-1.1.13/web/CBaseController.php(173): CBaseListView->run()
#10 /home/s202139/git/httpdocs/admin/protected/views/biomaterial/index.php(19): CBaseController->widget('zii.widgets.CLi...', Array)
#11 /home/s202139/git/includes/libs/yii-1.1.13/web/CBaseController.php(126): require('/home/s202139/g...')
#12 /home/s202139/git/includes/libs/yii-1.1.13/web/CBaseController.php(95): CBaseController->renderInternal('/home/s202139/g...', Array, true)
#13 /home/s202139/git/includes/libs/yii-1.1.13/web/CController.php(869): CBaseController->renderFile('/home/s202139/g...', Array, true)
#14 /home/s202139/git/includes/libs/yii-1.1.13/web/CController.php(782): CController->renderPartial('index', Array, true)
#15 /home/s202139/git/httpdocs/admin/protected/controllers/BiomaterialController.php(61): CController->render('index', Array)
#16 /home/s202139/git/includes/libs/yii-1.1.13/web/actions/CInlineAction.php(49): BiomaterialController->actionIndex()
#17 /home/s202139/git/includes/libs/yii-1.1.13/web/CController.php(308): CInlineAction->runWithParams(Array)
#18 /home/s202139/git/includes/libs/yii-1.1.13/web/CController.php(286): CController->runAction(Object(CInlineAction))
#19 /home/s202139/git/includes/libs/yii-1.1.13/web/CController.php(265): CController->runActionWithFilters(Object(CInlineAction), Array)
#20 /home/s202139/git/includes/libs/yii-1.1.13/web/CWebApplication.php(282): CController->run('')
#21 /home/s202139/git/includes/libs/yii-1.1.13/web/CWebApplication.php(141): CWebApplication->runController('biomaterial')
#22 /home/s202139/git/includes/libs/yii-1.1.13/base/CApplication.php(169): CWebApplication->processRequest()
#23 /home/s202139/git/httpdocs/admin/index.php(13): CApplication->run()
#24 {main}
REQUEST_URI=/httpdocs/admin/index.php?r=biomaterial
---
2013/04/16 15:47:20 [error] [exception.CException] exception 'CException' with message 'Property "Biomaterial.biosourceprovider" is not defined.' in /home/s202139/git/includes/libs/yii-1.1.13/base/CComponent.php:130
Stack trace:
#0 /home/s202139/git/includes/libs/yii-1.1.13/db/ar/CActiveRecord.php(143): CComponent->__get('biosourceprovid...')
#1 /home/s202139/git/httpdocs/admin/protected/views/biomaterial/_view.php(11): CActiveRecord->__get('biosourceprovid...')
#2 /home/s202139/git/includes/libs/yii-1.1.13/web/CBaseController.php(130): require('/home/s202139/g...')
#3 /home/s202139/git/includes/libs/yii-1.1.13/web/CBaseController.php(95): CBaseController->renderInternal('/home/s202139/g...', Array, false)
#4 /home/s202139/git/includes/libs/yii-1.1.13/zii/widgets/CListView.php(281): CBaseController->renderFile('/home/s202139/g...', Array)
#5 /home/s202139/git/includes/libs/yii-1.1.13/zii/widgets/CBaseListView.php(160): CListView->renderItems()
#6 [internal function]: CBaseListView->renderSection(Array)
#7 /home/s202139/git/includes/libs/yii-1.1.13/zii/widgets/CBaseListView.php(143): preg_replace_callback('/{(\w+)}/', Array, '{summary}?{sort...')
#8 /home/s202139/git/includes/libs/yii-1.1.13/zii/widgets/CBaseListView.php(128): CBaseListView->renderContent()
#9 /home/s202139/git/includes/libs/yii-1.1.13/web/CBaseController.php(173): CBaseListView->run()
#10 /home/s202139/git/httpdocs/admin/protected/views/biomaterial/index.php(19): CBaseController->widget('zii.widgets.CLi...', Array)
#11 /home/s202139/git/includes/libs/yii-1.1.13/web/CBaseController.php(126): require('/home/s202139/g...')
#12 /home/s202139/git/includes/libs/yii-1.1.13/web/CBaseController.php(95): CBaseController->renderInternal('/home/s202139/g...', Array, true)
#13 /home/s202139/git/includes/libs/yii-1.1.13/web/CController.php(869): CBaseController->renderFile('/home/s202139/g...', Array, true)
#14 /home/s202139/git/includes/libs/yii-1.1.13/web/CController.php(782): CController->renderPartial('index', Array, true)
#15 /home/s202139/git/httpdocs/admin/protected/controllers/BiomaterialController.php(61): CController->render('index', Array)
#16 /home/s202139/git/includes/libs/yii-1.1.13/web/actions/CInlineAction.php(49): BiomaterialController->actionIndex()
#17 /home/s202139/git/includes/libs/yii-1.1.13/web/CController.php(308): CInlineAction->runWithParams(Array)
#18 /home/s202139/git/includes/libs/yii-1.1.13/web/CController.php(286): CController->runAction(Object(CInlineAction))
#19 /home/s202139/git/includes/libs/yii-1.1.13/web/CController.php(265): CController->runActionWithFilters(Object(CInlineAction), Array)
#20 /home/s202139/git/includes/libs/yii-1.1.13/web/CWebApplication.php(282): CController->run('')
#21 /home/s202139/git/includes/libs/yii-1.1.13/web/CWebApplication.php(141): CWebApplication->runController('biomaterial')
#22 /home/s202139/git/includes/libs/yii-1.1.13/base/CApplication.php(169): CWebApplication->processRequest()
#23 /home/s202139/git/httpdocs/admin/index.php(13): CApplication->run()
#24 {main}
REQUEST_URI=/httpdocs/admin/index.php?r=biomaterial
---
2013/04/16 15:48:31 [error] [exception.CException] exception 'CException' with message 'Property "Biomaterial.biosourceprovider" is not defined.' in /home/s202139/git/includes/libs/yii-1.1.13/base/CComponent.php:130
Stack trace:
#0 /home/s202139/git/includes/libs/yii-1.1.13/db/ar/CActiveRecord.php(143): CComponent->__get('biosourceprovid...')
#1 /home/s202139/git/httpdocs/admin/protected/views/biomaterial/_view.php(11): CActiveRecord->__get('biosourceprovid...')
#2 /home/s202139/git/includes/libs/yii-1.1.13/web/CBaseController.php(130): require('/home/s202139/g...')
#3 /home/s202139/git/includes/libs/yii-1.1.13/web/CBaseController.php(95): CBaseController->renderInternal('/home/s202139/g...', Array, false)
#4 /home/s202139/git/includes/libs/yii-1.1.13/zii/widgets/CListView.php(281): CBaseController->renderFile('/home/s202139/g...', Array)
#5 /home/s202139/git/includes/libs/yii-1.1.13/zii/widgets/CBaseListView.php(160): CListView->renderItems()
#6 [internal function]: CBaseListView->renderSection(Array)
#7 /home/s202139/git/includes/libs/yii-1.1.13/zii/widgets/CBaseListView.php(143): preg_replace_callback('/{(\w+)}/', Array, '{summary}?{sort...')
#8 /home/s202139/git/includes/libs/yii-1.1.13/zii/widgets/CBaseListView.php(128): CBaseListView->renderContent()
#9 /home/s202139/git/includes/libs/yii-1.1.13/web/CBaseController.php(173): CBaseListView->run()
#10 /home/s202139/git/httpdocs/admin/protected/views/biomaterial/index.php(19): CBaseController->widget('zii.widgets.CLi...', Array)
#11 /home/s202139/git/includes/libs/yii-1.1.13/web/CBaseController.php(126): require('/home/s202139/g...')
#12 /home/s202139/git/includes/libs/yii-1.1.13/web/CBaseController.php(95): CBaseController->renderInternal('/home/s202139/g...', Array, true)
#13 /home/s202139/git/includes/libs/yii-1.1.13/web/CController.php(869): CBaseController->renderFile('/home/s202139/g...', Array, true)
#14 /home/s202139/git/includes/libs/yii-1.1.13/web/CController.php(782): CController->renderPartial('index', Array, true)
#15 /home/s202139/git/httpdocs/admin/protected/controllers/BiomaterialController.php(61): CController->render('index', Array)
#16 /home/s202139/git/includes/libs/yii-1.1.13/web/actions/CInlineAction.php(49): BiomaterialController->actionIndex()
#17 /home/s202139/git/includes/libs/yii-1.1.13/web/CController.php(308): CInlineAction->runWithParams(Array)
#18 /home/s202139/git/includes/libs/yii-1.1.13/web/CController.php(286): CController->runAction(Object(CInlineAction))
#19 /home/s202139/git/includes/libs/yii-1.1.13/web/CController.php(265): CController->runActionWithFilters(Object(CInlineAction), Array)
#20 /home/s202139/git/includes/libs/yii-1.1.13/web/CWebApplication.php(282): CController->run('')
#21 /home/s202139/git/includes/libs/yii-1.1.13/web/CWebApplication.php(141): CWebApplication->runController('biomaterial')
#22 /home/s202139/git/includes/libs/yii-1.1.13/base/CApplication.php(169): CWebApplication->processRequest()
#23 /home/s202139/git/httpdocs/admin/index.php(13): CApplication->run()
#24 {main}
REQUEST_URI=/httpdocs/admin/index.php?r=biomaterial
---
2013/04/16 15:48:45 [error] [exception.CException] exception 'CException' with message 'Property "Biomaterial.biosourceprovider" is not defined.' in /home/s202139/git/includes/libs/yii-1.1.13/base/CComponent.php:130
Stack trace:
#0 /home/s202139/git/includes/libs/yii-1.1.13/db/ar/CActiveRecord.php(143): CComponent->__get('biosourceprovid...')
#1 /home/s202139/git/httpdocs/admin/protected/views/biomaterial/_view.php(11): CActiveRecord->__get('biosourceprovid...')
#2 /home/s202139/git/includes/libs/yii-1.1.13/web/CBaseController.php(130): require('/home/s202139/g...')
#3 /home/s202139/git/includes/libs/yii-1.1.13/web/CBaseController.php(95): CBaseController->renderInternal('/home/s202139/g...', Array, false)
#4 /home/s202139/git/includes/libs/yii-1.1.13/zii/widgets/CListView.php(281): CBaseController->renderFile('/home/s202139/g...', Array)
#5 /home/s202139/git/includes/libs/yii-1.1.13/zii/widgets/CBaseListView.php(160): CListView->renderItems()
#6 [internal function]: CBaseListView->renderSection(Array)
#7 /home/s202139/git/includes/libs/yii-1.1.13/zii/widgets/CBaseListView.php(143): preg_replace_callback('/{(\w+)}/', Array, '{summary}?{sort...')
#8 /home/s202139/git/includes/libs/yii-1.1.13/zii/widgets/CBaseListView.php(128): CBaseListView->renderContent()
#9 /home/s202139/git/includes/libs/yii-1.1.13/web/CBaseController.php(173): CBaseListView->run()
#10 /home/s202139/git/httpdocs/admin/protected/views/biomaterial/index.php(19): CBaseController->widget('zii.widgets.CLi...', Array)
#11 /home/s202139/git/includes/libs/yii-1.1.13/web/CBaseController.php(126): require('/home/s202139/g...')
#12 /home/s202139/git/includes/libs/yii-1.1.13/web/CBaseController.php(95): CBaseController->renderInternal('/home/s202139/g...', Array, true)
#13 /home/s202139/git/includes/libs/yii-1.1.13/web/CController.php(869): CBaseController->renderFile('/home/s202139/g...', Array, true)
#14 /home/s202139/git/includes/libs/yii-1.1.13/web/CController.php(782): CController->renderPartial('index', Array, true)
#15 /home/s202139/git/httpdocs/admin/protected/controllers/BiomaterialController.php(61): CController->render('index', Array)
#16 /home/s202139/git/includes/libs/yii-1.1.13/web/actions/CInlineAction.php(49): BiomaterialController->actionIndex()
#17 /home/s202139/git/includes/libs/yii-1.1.13/web/CController.php(308): CInlineAction->runWithParams(Array)
#18 /home/s202139/git/includes/libs/yii-1.1.13/web/CController.php(286): CController->runAction(Object(CInlineAction))
#19 /home/s202139/git/includes/libs/yii-1.1.13/web/CController.php(265): CController->runActionWithFilters(Object(CInlineAction), Array)
#20 /home/s202139/git/includes/libs/yii-1.1.13/web/CWebApplication.php(282): CController->run('')
#21 /home/s202139/git/includes/libs/yii-1.1.13/web/CWebApplication.php(141): CWebApplication->runController('biomaterial')
#22 /home/s202139/git/includes/libs/yii-1.1.13/base/CApplication.php(169): CWebApplication->processRequest()
#23 /home/s202139/git/httpdocs/admin/index.php(13): CApplication->run()
#24 {main}
REQUEST_URI=/httpdocs/admin/index.php?r=biomaterial
---
